  Zombie Arena.cpp
C:\VS Projects\Zombie Arena\Zombie Arena.cpp(25,44): warning C4244: '=': conversion from 'unsigned int' to 'T', possible loss of data
          with
          [
              T=float
          ]
C:\VS Projects\Zombie Arena\Zombie Arena.cpp(26,44): warning C4244: '=': conversion from 'unsigned int' to 'T', possible loss of data
          with
          [
              T=float
          ]
C:\VS Projects\Zombie Arena\Zombie Arena.cpp(28,56): warning C4244: 'argument': conversion from 'T' to 'unsigned int', possible loss of data
          with
          [
              T=float
          ]
C:\VS Projects\Zombie Arena\Zombie Arena.cpp(28,42): warning C4244: 'argument': conversion from 'T' to 'unsigned int', possible loss of data
          with
          [
              T=float
          ]
C:\VS Projects\Zombie Arena\Zombie Arena.cpp(616,50): warning C4244: 'argument': conversion from 'int' to 'T', possible loss of data
          with
          [
              T=float
          ]
  Zombie Arena.vcxproj -> C:\VS Projects\Zombie Arena\Debug\Zombie Arena.exe
